<?xml version="1.0" encoding="UTF-8"?>
<!-- Generated by org.testng.reporters.JUnitReportReporter -->
<testsuite skipped="0" hostname="airs-MacBook-Air.local" name="com.rovsing.qa.testcases.HomePageTest" tests="3" failures="0" timestamp="04 Apr 2018 10:18:40 GMT" time="122.218" errors="0">
  <testcase name="LogoImageTest" time="28.428" classname="com.rovsing.qa.testcases.HomePageTest"/>
  <testcase name="verifyHomePageTitleTest" time="26.904" classname="com.rovsing.qa.testcases.HomePageTest"/>
  <testcase name="verifyCompanyLinkTest" time="66.886" classname="com.rovsing.qa.testcases.HomePageTest"/>
</testsuite> <!-- com.rovsing.qa.testcases.HomePageTest -->
