<?xml version="1.0" encoding="UTF-8"?>
<!-- Generated by org.testng.reporters.JUnitReportReporter -->
<testsuite skipped="0" hostname="airs-MacBook-Air.local" name="com.rovsing.qa.testcases.CompanyPageTest" tests="6" failures="0" timestamp="04 Apr 2018 10:18:40 GMT" time="374.293" errors="0">
  <testcase name="LogoImageTest" time="36.390" classname="com.rovsing.qa.testcases.CompanyPageTest"/>
  <testcase name="verifyCompanyPageTitleTest" time="54.012" classname="com.rovsing.qa.testcases.CompanyPageTest"/>
  <testcase name="verifyCompanyBoardofDirectors" time="59.100" classname="com.rovsing.qa.testcases.CompanyPageTest"/>
  <testcase name="verifyManagement" time="82.473" classname="com.rovsing.qa.testcases.CompanyPageTest"/>
  <testcase name="verifyCustomers" time="88.585" classname="com.rovsing.qa.testcases.CompanyPageTest"/>
  <testcase name="verifyContactUs" time="53.733" classname="com.rovsing.qa.testcases.CompanyPageTest"/>
</testsuite> <!-- com.rovsing.qa.testcases.CompanyPageTest -->
