<?xml version="1.0" encoding="UTF-8"?>
<!-- Generated by org.testng.reporters.JUnitReportReporter -->
<testsuite skipped="0" hostname="airs-MacBook-Air.local" name="com.rovsing.qa.testcases.SearchPageTest" tests="1" failures="0" timestamp="04 Apr 2018 10:18:40 GMT" time="45.673" errors="0">
  <testcase name="VerifySearchResult" time="45.673" classname="com.rovsing.qa.testcases.SearchPageTest"/>
</testsuite> <!-- com.rovsing.qa.testcases.SearchPageTest -->
